<?xml version="1.0" encoding="UTF-8"?>
<!-- Generated by org.testng.reporters.JUnitReportReporter -->
<testsuite hostname="eepsas-MacBook-Pro.local" failures="0" tests="1" name="runner.TestRunner" time="19.001" errors="0" timestamp="2022-02-15T18:03:02 PST" skipped="0">
  <testcase classname="runner.TestRunner" name="runScenario" time="19.001"/>
  <system-out/>
</testsuite> <!-- runner.TestRunner -->
